nohup: ignoring input

> angular-18-front-end@0.0.0 start
> ng serve

❯ Building...
✔ Building...
Initial chunk files | Names                     |  Raw size
polyfills.js        | polyfills                 |  90.20 kB | 
main.js             | main                      |   6.17 kB | 
chunk-C2PKD4EW.js   | -                         |   3.75 kB | 
chunk-VUJOFXKG.js   | -                         | 938 bytes | 
styles.css          | styles                    |  95 bytes | 

                    | Initial total             | 101.15 kB

Lazy chunk files    | Names                     |  Raw size
chunk-6JCFA2AF.js   | user-dashboard-component  |  41.06 kB | 
chunk-QCR3XSLQ.js   | login-component           |  17.25 kB | 
chunk-Z7ZVEIAH.js   | main-layout-component     |  12.06 kB | 
chunk-RX244UXP.js   | admin-layout-component    |  11.61 kB | 
chunk-F5NNLC7S.js   | register-component        |   8.90 kB | 
chunk-K2YMD4MP.js   | admin-dashboard-component |   3.96 kB | 

Application bundle generation complete. [3.329 seconds]

Watch mode enabled. Watching for file changes...
NOTE: Raw file sizes do not reflect development server per-request transformations.
  ➜  Local:   http://localhost:4200/
